warn:  CreateDXGIFactory2: Ignoring flags
info:  Game: WeChatBrowser.exe
info:  DXVK: v1.7-5-g80ac6724+
info:  Built-in extension providers:
info:    Win32 WSI
info:    OpenVR
warn:  OpenVR: Failed to locate module
info:  Enabled instance extensions:
info:    VK_KHR_get_surface_capabilities2
info:    VK_KHR_surface
info:    VK_KHR_win32_surface
info:  NVIDIA GeForce GTX 1650:
info:    Driver: 470.141.3
info:    Vulkan: 1.2.175
info:    Memory Heap[0]: 
info:      Size: 4096 MiB
info:      Flags: 0x1
info:      Memory Type[7]: Property Flags = 0x1
info:    Memory Heap[1]: 
info:      Size: 11725 MiB
info:      Flags: 0x0
info:      Memory Type[0]: Property Flags = 0x0
info:      Memory Type[1]: Property Flags = 0x0
info:      Memory Type[2]: Property Flags = 0x0
info:      Memory Type[3]: Property Flags = 0x0
info:      Memory Type[4]: Property Flags = 0x0
info:      Memory Type[5]: Property Flags = 0x0
info:      Memory Type[6]: Property Flags = 0x0
info:      Memory Type[8]: Property Flags = 0x6
info:      Memory Type[9]: Property Flags = 0xe
info:    Memory Heap[2]: 
info:      Size: 246 MiB
info:      Flags: 0x1
info:      Memory Type[10]: Property Flags = 0x7
info:  Intel(R) UHD Graphics (TGL GT1):
info:    Driver: 21.2.6
info:    Vulkan: 1.2.182
info:    Memory Heap[0]: 
info:      Size: 11725 MiB
info:      Flags: 0x1
info:      Memory Type[0]: Property Flags = 0xf
info:  llvmpipe (LLVM 12.0.0, 256 bits):
info:    Driver: 0.0.1
info:    Vulkan: 1.1.182
info:    Memory Heap[0]: 
info:      Size: 2048 MiB
info:      Flags: 0x1
info:      Memory Type[0]: Property Flags = 0xf
warn:  DxgiAdapter::QueryInterface: Unknown interface query
warn:  17399d75-964e-4c03-99f8-9d4fd196dd62
warn:  CreateDXGIFactory2: Ignoring flags
info:  Game: WeChatBrowser.exe
info:  DXVK: v1.7-5-g80ac6724+
info:  Built-in extension providers:
info:    Win32 WSI
info:    OpenVR
warn:  OpenVR: Failed to locate module
info:  Enabled instance extensions:
info:    VK_KHR_get_surface_capabilities2
info:    VK_KHR_surface
info:    VK_KHR_win32_surface
info:  NVIDIA GeForce GTX 1650:
info:    Driver: 470.141.3
info:    Vulkan: 1.2.175
info:    Memory Heap[0]: 
info:      Size: 4096 MiB
info:      Flags: 0x1
info:      Memory Type[7]: Property Flags = 0x1
info:    Memory Heap[1]: 
info:      Size: 11725 MiB
info:      Flags: 0x0
info:      Memory Type[0]: Property Flags = 0x0
info:      Memory Type[1]: Property Flags = 0x0
info:      Memory Type[2]: Property Flags = 0x0
info:      Memory Type[3]: Property Flags = 0x0
info:      Memory Type[4]: Property Flags = 0x0
info:      Memory Type[5]: Property Flags = 0x0
info:      Memory Type[6]: Property Flags = 0x0
info:      Memory Type[8]: Property Flags = 0x6
info:      Memory Type[9]: Property Flags = 0xe
info:    Memory Heap[2]: 
info:      Size: 246 MiB
info:      Flags: 0x1
info:      Memory Type[10]: Property Flags = 0x7
info:  Intel(R) UHD Graphics (TGL GT1):
info:    Driver: 21.2.6
info:    Vulkan: 1.2.182
info:    Memory Heap[0]: 
info:      Size: 11725 MiB
info:      Flags: 0x1
info:      Memory Type[0]: Property Flags = 0xf
info:  llvmpipe (LLVM 12.0.0, 256 bits):
info:    Driver: 0.0.1
info:    Vulkan: 1.1.182
info:    Memory Heap[0]: 
info:      Size: 2048 MiB
info:      Flags: 0x1
info:      Memory Type[0]: Property Flags = 0xf
warn:  DxgiAdapter::QueryInterface: Unknown interface query
warn:  17399d75-964e-4c03-99f8-9d4fd196dd62
warn:  CreateDXGIFactory2: Ignoring flags
info:  Game: WeChatBrowser.exe
info:  DXVK: v1.7-5-g80ac6724+
info:  Built-in extension providers:
info:    Win32 WSI
info:    OpenVR
warn:  OpenVR: Failed to locate module
info:  Enabled instance extensions:
info:    VK_KHR_get_surface_capabilities2
info:    VK_KHR_surface
info:    VK_KHR_win32_surface
info:  NVIDIA GeForce GTX 1650:
info:    Driver: 470.141.3
info:    Vulkan: 1.2.175
info:    Memory Heap[0]: 
info:      Size: 4096 MiB
info:      Flags: 0x1
info:      Memory Type[7]: Property Flags = 0x1
info:    Memory Heap[1]: 
info:      Size: 11725 MiB
info:      Flags: 0x0
info:      Memory Type[0]: Property Flags = 0x0
info:      Memory Type[1]: Property Flags = 0x0
info:      Memory Type[2]: Property Flags = 0x0
info:      Memory Type[3]: Property Flags = 0x0
info:      Memory Type[4]: Property Flags = 0x0
info:      Memory Type[5]: Property Flags = 0x0
info:      Memory Type[6]: Property Flags = 0x0
info:      Memory Type[8]: Property Flags = 0x6
info:      Memory Type[9]: Property Flags = 0xe
info:    Memory Heap[2]: 
info:      Size: 246 MiB
info:      Flags: 0x1
info:      Memory Type[10]: Property Flags = 0x7
info:  Intel(R) UHD Graphics (TGL GT1):
info:    Driver: 21.2.6
info:    Vulkan: 1.2.182
info:    Memory Heap[0]: 
info:      Size: 11725 MiB
info:      Flags: 0x1
info:      Memory Type[0]: Property Flags = 0xf
info:  llvmpipe (LLVM 12.0.0, 256 bits):
info:    Driver: 0.0.1
info:    Vulkan: 1.1.182
info:    Memory Heap[0]: 
info:      Size: 2048 MiB
info:      Flags: 0x1
info:      Memory Type[0]: Property Flags = 0xf
warn:  DxgiAdapter::QueryInterface: Unknown interface query
warn:  17399d75-964e-4c03-99f8-9d4fd196dd62
warn:  CreateDXGIFactory2: Ignoring flags
info:  Game: WeChatBrowser.exe
info:  DXVK: v1.7-5-g80ac6724+
info:  Built-in extension providers:
info:    Win32 WSI
info:    OpenVR
warn:  OpenVR: Failed to locate module
info:  Enabled instance extensions:
info:    VK_KHR_get_surface_capabilities2
info:    VK_KHR_surface
info:    VK_KHR_win32_surface
info:  NVIDIA GeForce GTX 1650:
info:    Driver: 470.141.3
info:    Vulkan: 1.2.175
info:    Memory Heap[0]: 
info:      Size: 4096 MiB
info:      Flags: 0x1
info:      Memory Type[7]: Property Flags = 0x1
info:    Memory Heap[1]: 
info:      Size: 11725 MiB
info:      Flags: 0x0
info:      Memory Type[0]: Property Flags = 0x0
info:      Memory Type[1]: Property Flags = 0x0
info:      Memory Type[2]: Property Flags = 0x0
info:      Memory Type[3]: Property Flags = 0x0
info:      Memory Type[4]: Property Flags = 0x0
info:      Memory Type[5]: Property Flags = 0x0
info:      Memory Type[6]: Property Flags = 0x0
info:      Memory Type[8]: Property Flags = 0x6
info:      Memory Type[9]: Property Flags = 0xe
info:    Memory Heap[2]: 
info:      Size: 246 MiB
info:      Flags: 0x1
info:      Memory Type[10]: Property Flags = 0x7
info:  Intel(R) UHD Graphics (TGL GT1):
info:    Driver: 21.2.6
info:    Vulkan: 1.2.182
info:    Memory Heap[0]: 
info:      Size: 11725 MiB
info:      Flags: 0x1
info:      Memory Type[0]: Property Flags = 0xf
info:  llvmpipe (LLVM 12.0.0, 256 bits):
info:    Driver: 0.0.1
info:    Vulkan: 1.1.182
info:    Memory Heap[0]: 
info:      Size: 2048 MiB
info:      Flags: 0x1
info:      Memory Type[0]: Property Flags = 0xf
warn:  DxgiAdapter::QueryInterface: Unknown interface query
warn:  17399d75-964e-4c03-99f8-9d4fd196dd62
